SQL> SELECT xname, major, class
  2  FROM Student
  3  WHERE major = 'ART'
  4  OR class = 3;
SELECT xname, major, class
       *
ERROR at line 1:
ORA-00904: "XNAME": invalid identifier 


SQL> edit
Wrote file afiedt.buf

  1  SELECT sname, major, class
  2  FROM Student
  3  WHERE major = 'ART'
  4* OR class = 3
SQL> /

SNAME                                                        MAJOR              
------------------------------------------------------------ ------------       
     CLASS                                                                      
----------                                                                      
Susan                                                        ENGL               
         3                                                                      
                                                                                
Monica                                                       MATH               
         3                                                                      
                                                                                
Phoebe                                                       ENGL               
         3                                                                      
                                                                                

SNAME                                                        MAJOR              
------------------------------------------------------------ ------------       
     CLASS                                                                      
----------                                                                      
Rachel                                                       ENGL               
         3                                                                      
                                                                                
Cramer                                                       ENGL               
         3                                                                      
                                                                                
Losmith                                                      CHEM               
         3                                                                      
                                                                                

SNAME                                                        MAJOR              
------------------------------------------------------------ ------------       
     CLASS                                                                      
----------                                                                      
Gus                                                          ART                
         3                                                                      
                                                                                

7 rows selected.

SQL> SPOOL OFF
